condor_submit Job_TTToSemiLeptonic-powheg_UL20UL18NanoAODv9-106X_upgrade2018_realistic_v16_L1v1-v1.sub
condor_submit Job_TTTo2L2Nu-powheg_UL20UL18NanoAODv9-106X_upgrade2018_realistic_v16_L1v1-v1.sub
condor_submit Job_ST_t-channel_antitop_4f_InclusiveDecays-powheg-madspin_UL20UL18NanoAODv9-106X_upgrade2018_realistic_v16_L1v1-v1.sub
condor_submit Job_ST_t-channel_top_4f_InclusiveDecays-powheg-madspin_UL20UL18NanoAODv9-106X_upgrade2018_realistic_v16_L1v1-v1.sub
condor_submit Job_ST_tW_antitop_5f_inclusiveDecays-powheg_UL20UL18NanoAODv9-106X_upgrade2018_realistic_v16_L1v1-v2.sub
condor_submit Job_ST_tW_top_5f_inclusiveDecays-powheg_UL20UL18NanoAODv9-106X_upgrade2018_realistic_v16_L1v1-v2.sub
condor_submit Job_ST_s-channel_4f_leptonDecays-amcatnlo_UL20UL18NanoAODv9-106X_upgrade2018_realistic_v16_L1v1-v1.sub
condor_submit Job_tZq_ll_4f_ckm_NLO-amcatnlo_UL20UL18NanoAODv9-106X_upgrade2018_realistic_v16_L1v1-v1.sub
condor_submit Job_TTWJetsToLNu-amcatnloFXFX-madspin_UL20UL18NanoAODv9-106X_upgrade2018_realistic_v16_L1v1-v1.sub
condor_submit Job_TTZToLLNuNu_M-10-amcatnlo_UL20UL18NanoAODv9-106X_upgrade2018_realistic_v16_L1v1-v1.sub
condor_submit Job_TTTT-amcatnlo_UL20UL18NanoAODv9-106X_upgrade2018_realistic_v16_L1v1-v2.sub
condor_submit Job_TTTW-madgraph_UL20UL18NanoAODv9-106X_upgrade2018_realistic_v16_L1v1-v2.sub
condor_submit Job_TTWW-madgraph_UL20UL18NanoAODv9-106X_upgrade2018_realistic_v16_L1v1-v1.sub
condor_submit Job_TTTJ-madgraph_UL20UL18NanoAODv9-106X_upgrade2018_realistic_v16_L1v1-v2.sub
condor_submit Job_EWK_LLJJ_MLL-50_MJJ-120-madgraph_UL20UL18NanoAODv9-106X_upgrade2018_realistic_v16_L1v1-v1.sub
condor_submit Job_EWK_LLJJ_MLL_105-160_SM_5f_LO_TuneCH3_13TeV-madgraph-herwig7_ULRunIIAutumn18NanoAODv7-Nano02Apr2020_102X_upgrade2018_realistic_v21-v1.sub
condor_submit Job_EWK_LLJJ_MLL-50_MJJ-120-madgraph_UL20UL18NanoAODv9-106X_upgrade2018_realistic_v16_L1v1-v1.sub
condor_submit Job_EWK_LLJJ_MLL_105-160_SM_5f_LO_TuneCH3_13TeV-madgraph-herwig7_ULRunIIAutumn18NanoAODv7-Nano02Apr2020_102X_upgrade2018_realistic_v21-v1.sub
condor_submit Job_GluGluHToMuMu_M125-powheg_UL20UL18NanoAODv9-106X_upgrade2018_realistic_v16_L1v1-v1.sub
condor_submit Job_GluGluHToMuMu_M125-powheg_UL20UL18NanoAODv9-106X_upgrade2018_realistic_v16_L1v1-v1.sub
condor_submit Job_GluGluHToMuMu_M125-powheg_UL20UL18NanoAODv9-106X_upgrade2018_realistic_v16_L1v1-v1.sub
condor_submit Job_GluGluHToMuMu_M125-powheg_UL20UL18NanoAODv9-106X_upgrade2018_realistic_v16_L1v1-v1.sub
condor_submit Job_DYJetsToLL_M-50-amcatnloFXFX_UL20UL18NanoAODv9-106X_upgrade2018_realistic_v16_L1v1-v2.sub
condor_submit Job_DYJetsToLL_M-50-madgraphMLM_UL20UL18NanoAODv9-106X_upgrade2018_realistic_v16_L1v1_ext1-v1_ext1-v1.sub
condor_submit Job_DYJetsToLL_M-105To160_TuneCP5_PSweights_13TeV-amcatnloFXFX_ULRunIIAutumn18NanoAODv7-Nano02Apr2020_102X_upgrade2018_realistic_v21-v1.sub
condor_submit Job_DYJetsToLL_M-50-amcatnloFXFX_UL20UL18NanoAODv9-106X_upgrade2018_realistic_v16_L1v1-v2.sub
condor_submit Job_DYJetsToLL_M-50-madgraphMLM_UL20UL18NanoAODv9-106X_upgrade2018_realistic_v16_L1v1_ext1-v1_ext1-v1.sub
condor_submit Job_DYJetsToLL_M-105To160_TuneCP5_PSweights_13TeV-amcatnloFXFX_ULRunIIAutumn18NanoAODv7-Nano02Apr2020_102X_upgrade2018_realistic_v21-v1.sub
condor_submit Job_DYJetsToLL_M-50-amcatnloFXFX_UL20UL18NanoAODv9-106X_upgrade2018_realistic_v16_L1v1-v2.sub
condor_submit Job_DYJetsToLL_M-50-madgraphMLM_UL20UL18NanoAODv9-106X_upgrade2018_realistic_v16_L1v1_ext1-v1_ext1-v1.sub
condor_submit Job_DYJetsToLL_M-105To160_TuneCP5_PSweights_13TeV-amcatnloFXFX_ULRunIIAutumn18NanoAODv7-Nano02Apr2020_102X_upgrade2018_realistic_v21-v1.sub
condor_submit Job_DYJetsToLL_M-105To160_TuneCP5_PSweights_13TeV-madgraphMLM_ULRunIIAutumn18NanoAODv7-Nano02Apr2020_102X_upgrade2018_realistic_v21-v1.sub
condor_submit Job_EWK_LLJJ_MLL-50_MJJ-120-madgraph_UL20UL18NanoAODv9-106X_upgrade2018_realistic_v16_L1v1-v1.sub
condor_submit Job_EWK_LLJJ_MLL_105-160_SM_5f_LO_TuneCH3_13TeV-madgraph-herwig7_ULRunIIAutumn18NanoAODv7-Nano02Apr2020_102X_upgrade2018_realistic_v21-v1.sub
condor_submit Job_EWK_LLJJ_MLL_105-160_SM_5f_LO_TuneCH3_13TeV-madgraph-herwig7_corrected_ULRunIIAutumn18NanoAODv7-Nano02Apr2020_102X_upgrade2018_realistic_v21-v1.sub
condor_submit Job_WWTo2L2Nu-powheg_UL20UL18NanoAODv9-106X_upgrade2018_realistic_v16_L1v1-v2.sub
condor_submit Job_WZTo3LNu-amcatnloFXFX_UL20UL18NanoAODv9-106X_upgrade2018_realistic_v16_L1v1-v2.sub
condor_submit Job_WZTo2Q2L_mllmin4p0-amcatnloFXFX_UL20UL18NanoAODv9-106X_upgrade2018_realistic_v16_L1v1-v1.sub
condor_submit Job_ZZTo2L2Nu_powheg_pythia8_UL20UL18NanoAODv9-106X_upgrade2018_realistic_v16_L1v1-v1.sub
condor_submit Job_ZZTo2Q2L_mllmin4p0-amcatnloFXFX_UL20UL18NanoAODv9-106X_upgrade2018_realistic_v16_L1v1-v1.sub
condor_submit Job_ZZTo4L_powheg_pythia8_UL20UL18NanoAODv9-106X_upgrade2018_realistic_v16_L1v1-v2.sub
condor_submit Job_GluGluToContinToZZTo2e2mu-mcfm701_UL20UL18NanoAODv9-106X_upgrade2018_realistic_v16_L1v1-v2.sub
condor_submit Job_GluGluToContinToZZTo2e2tau-mcfm701_UL20UL18NanoAODv9-106X_upgrade2018_realistic_v16_L1v1-v2.sub
condor_submit Job_GluGluToContinToZZTo2mu2tau_13TeV_MCFM701_pythia8_ULRunIIAutumn18NanoAODv4-Nano14Dec2018_102X_upgrade2018_realistic_v16-v2.sub
condor_submit Job_GluGluToContinToZZTo4mu_13TeV_MCFM701_pythia8_ULRunIIAutumn18NanoAODv4-Nano14Dec2018_102X_upgrade2018_realistic_v16-v1.sub
condor_submit Job_GluGluToContinToZZTo4tau_13TeV_MCFM701_pythia8_ULRunIIAutumn18NanoAODv4-Nano14Dec2018_102X_upgrade2018_realistic_v16-v1.sub
condor_submit Job_GluGluToContinToZZTo2mu2nu_13TeV_MCFM701_pythia8_ULRunIIAutumn18NanoAODv4-Nano14Dec2018_102X_upgrade2018_realistic_v16-v1.sub
condor_submit Job_WWTo2L2Nu-powheg_UL20UL18NanoAODv9-106X_upgrade2018_realistic_v16_L1v1-v2.sub
condor_submit Job_WZTo3LNu-amcatnloFXFX_UL20UL18NanoAODv9-106X_upgrade2018_realistic_v16_L1v1-v2.sub
condor_submit Job_WZTo2Q2L_mllmin4p0-amcatnloFXFX_UL20UL18NanoAODv9-106X_upgrade2018_realistic_v16_L1v1-v1.sub
condor_submit Job_ZZTo2L2Nu_powheg_pythia8_UL20UL18NanoAODv9-106X_upgrade2018_realistic_v16_L1v1-v1.sub
condor_submit Job_ZZTo2Q2L_mllmin4p0-amcatnloFXFX_UL20UL18NanoAODv9-106X_upgrade2018_realistic_v16_L1v1-v1.sub
condor_submit Job_ZZTo4L_powheg_pythia8_UL20UL18NanoAODv9-106X_upgrade2018_realistic_v16_L1v1-v2.sub
condor_submit Job_GluGluToContinToZZTo2e2mu-mcfm701_UL20UL18NanoAODv9-106X_upgrade2018_realistic_v16_L1v1-v2.sub
condor_submit Job_GluGluToContinToZZTo2e2tau-mcfm701_UL20UL18NanoAODv9-106X_upgrade2018_realistic_v16_L1v1-v2.sub
condor_submit Job_GluGluToContinToZZTo2mu2tau_13TeV_MCFM701_pythia8_ULRunIIAutumn18NanoAODv4-Nano14Dec2018_102X_upgrade2018_realistic_v16-v2.sub
condor_submit Job_GluGluToContinToZZTo4mu_13TeV_MCFM701_pythia8_ULRunIIAutumn18NanoAODv4-Nano14Dec2018_102X_upgrade2018_realistic_v16-v1.sub
condor_submit Job_GluGluToContinToZZTo4tau_13TeV_MCFM701_pythia8_ULRunIIAutumn18NanoAODv4-Nano14Dec2018_102X_upgrade2018_realistic_v16-v1.sub
condor_submit Job_GluGluToContinToZZTo2mu2nu_13TeV_MCFM701_pythia8_ULRunIIAutumn18NanoAODv4-Nano14Dec2018_102X_upgrade2018_realistic_v16-v1.sub
condor_submit Job_WWTo2L2Nu-powheg_UL20UL18NanoAODv9-106X_upgrade2018_realistic_v16_L1v1-v2.sub
condor_submit Job_WZTo3LNu-amcatnloFXFX_UL20UL18NanoAODv9-106X_upgrade2018_realistic_v16_L1v1-v2.sub
condor_submit Job_WZTo2Q2L_mllmin4p0-amcatnloFXFX_UL20UL18NanoAODv9-106X_upgrade2018_realistic_v16_L1v1-v1.sub
condor_submit Job_ZZTo2L2Nu_powheg_pythia8_UL20UL18NanoAODv9-106X_upgrade2018_realistic_v16_L1v1-v1.sub
condor_submit Job_ZZTo2Q2L_mllmin4p0-amcatnloFXFX_UL20UL18NanoAODv9-106X_upgrade2018_realistic_v16_L1v1-v1.sub
condor_submit Job_ZZTo4L_powheg_pythia8_UL20UL18NanoAODv9-106X_upgrade2018_realistic_v16_L1v1-v2.sub
condor_submit Job_GluGluToContinToZZTo2e2mu-mcfm701_UL20UL18NanoAODv9-106X_upgrade2018_realistic_v16_L1v1-v2.sub
condor_submit Job_GluGluToContinToZZTo2e2tau-mcfm701_UL20UL18NanoAODv9-106X_upgrade2018_realistic_v16_L1v1-v2.sub
condor_submit Job_GluGluToContinToZZTo2mu2tau-mcfm701_UL20UL18NanoAODv9-106X_upgrade2018_realistic_v16_L1v1-v2.sub
condor_submit Job_GluGluToContinToZZTo4mu-mcfm701_UL20UL18NanoAODv9-106X_upgrade2018_realistic_v16_L1v1-v2.sub
condor_submit Job_GluGluToContinToZZTo4tau-mcfm701_UL20UL18NanoAODv9-106X_upgrade2018_realistic_v16_L1v1-v2.sub
condor_submit Job_GluGluToContinToZZTo2mu2nu-mcfm701_UL20UL18NanoAODv9-106X_upgrade2018_realistic_v16_L1v1-v2.sub
condor_submit Job_DYJetsToLL_M-105To160_TuneCP5_PSweights_13TeV-amcatnloFXFX_ULRunIIAutumn18NanoAODv7-Nano02Apr2020_102X_upgrade2018_realistic_v21-v1.sub
condor_submit Job_DYJetsToLL_M-105To160_TuneCP5_PSweights_13TeV-madgraphMLM_ULRunIIAutumn18NanoAODv7-Nano02Apr2020_102X_upgrade2018_realistic_v21-v1.sub
condor_submit Job__UL.sub
condor_submit Job_WWTo2L2Nu-powheg_UL20UL18NanoAODv9-106X_upgrade2018_realistic_v16_L1v1-v2.sub
condor_submit Job_WZTo3LNu-amcatnloFXFX_UL20UL18NanoAODv9-106X_upgrade2018_realistic_v16_L1v1-v2.sub
condor_submit Job_WZTo2Q2L_mllmin4p0-amcatnloFXFX_UL20UL18NanoAODv9-106X_upgrade2018_realistic_v16_L1v1-v1.sub
condor_submit Job_ZZTo2L2Nu_powheg_pythia8_UL20UL18NanoAODv9-106X_upgrade2018_realistic_v16_L1v1-v1.sub
condor_submit Job_ZZTo2Q2L_mllmin4p0-amcatnloFXFX_UL20UL18NanoAODv9-106X_upgrade2018_realistic_v16_L1v1-v1.sub
condor_submit Job_ZZTo4L_powheg_pythia8_UL20UL18NanoAODv9-106X_upgrade2018_realistic_v16_L1v1-v2.sub
condor_submit Job_GluGluToContinToZZTo2e2mu-mcfm701_UL20UL18NanoAODv9-106X_upgrade2018_realistic_v16_L1v1-v2.sub
condor_submit Job_GluGluToContinToZZTo2e2tau-mcfm701_UL20UL18NanoAODv9-106X_upgrade2018_realistic_v16_L1v1-v2.sub
condor_submit Job_GluGluToContinToZZTo2mu2tau-mcfm701_UL20UL18NanoAODv9-106X_upgrade2018_realistic_v16_L1v1-v2.sub
condor_submit Job_GluGluToContinToZZTo4mu-mcfm701_UL20UL18NanoAODv9-106X_upgrade2018_realistic_v16_L1v1-v2.sub
condor_submit Job_GluGluToContinToZZTo4tau-mcfm701_UL20UL18NanoAODv9-106X_upgrade2018_realistic_v16_L1v1-v2.sub
condor_submit Job_GluGluToContinToZZTo2mu2nu-mcfm701_UL20UL18NanoAODv9-106X_upgrade2018_realistic_v16_L1v1-v2.sub
condor_submit Job_TTToSemiLeptonic-powheg_UL20UL18NanoAODv9-106X_upgrade2018_realistic_v16_L1v1-v1.sub
condor_submit Job_TTTo2L2Nu-powheg_UL20UL18NanoAODv9-106X_upgrade2018_realistic_v16_L1v1-v1.sub
condor_submit Job_ST_t-channel_antitop_4f_InclusiveDecays-powheg-madspin_UL20UL18NanoAODv9-106X_upgrade2018_realistic_v16_L1v1-v1.sub
condor_submit Job_ST_t-channel_top_4f_InclusiveDecays-powheg-madspin_UL20UL18NanoAODv9-106X_upgrade2018_realistic_v16_L1v1-v1.sub
condor_submit Job_ST_tW_antitop_5f_inclusiveDecays-powheg_UL20UL18NanoAODv9-106X_upgrade2018_realistic_v16_L1v1-v2.sub
condor_submit Job_ST_tW_top_5f_inclusiveDecays-powheg_UL20UL18NanoAODv9-106X_upgrade2018_realistic_v16_L1v1-v2.sub
condor_submit Job_ST_s-channel_4f_leptonDecays-amcatnlo_UL20UL18NanoAODv9-106X_upgrade2018_realistic_v16_L1v1-v1.sub
condor_submit Job_tZq_ll_4f_ckm_NLO-amcatnlo_UL20UL18NanoAODv9-106X_upgrade2018_realistic_v16_L1v1-v1.sub
condor_submit Job_TTWJetsToLNu-amcatnloFXFX-madspin_UL20UL18NanoAODv9-106X_upgrade2018_realistic_v16_L1v1-v1.sub
condor_submit Job_TTZToLLNuNu_M-10-amcatnlo_UL20UL18NanoAODv9-106X_upgrade2018_realistic_v16_L1v1-v1.sub
condor_submit Job_TTTT-amcatnlo_UL20UL18NanoAODv9-106X_upgrade2018_realistic_v16_L1v1-v2.sub
condor_submit Job_TTTW-madgraph_UL20UL18NanoAODv9-106X_upgrade2018_realistic_v16_L1v1-v2.sub
condor_submit Job_TTWW-madgraph_UL20UL18NanoAODv9-106X_upgrade2018_realistic_v16_L1v1-v1.sub
condor_submit Job_TTTJ-madgraph_UL20UL18NanoAODv9-106X_upgrade2018_realistic_v16_L1v1-v2.sub
condor_submit Job_SingleMuon_UL18A.sub
condor_submit Job_SingleMuon_UL18B.sub
condor_submit Job_SingleMuon_UL18C.sub
condor_submit Job_SingleMuon_UL18D.sub
